<?xml version="1.0" encoding="UTF-8"?>
<!-- Generated by org.testng.reporters.JUnitReportReporter -->
<testsuite skipped="0" hostname="Ns-MacBook-Pro.local" name="runner.Runner" tests="2" failures="0" timestamp="08 Aug 2018 17:09:12 GMT" time="16.575" errors="0">
  <testcase name="runScenario" time="8.909" classname="runner.Runner"/>
  <testcase name="runScenario" time="7.666" classname="runner.Runner"/>
</testsuite> <!-- runner.Runner -->
